PviTTBqDFK5d5XlUy/+ygbOGva+io4N9QyDc/rpdKRujhfqLN/OZtuE3kDX2TXg9mIfzerkFV93l4uAGFRVdivs48srDJqsmVLF86tZKRS3slEI4BX2jOA==
0QmqS8yvKDA+UPICRLM5M3rFY4rIQ2CzyO746Jcm1l2x0adU19mJ1itaG10MDCOMPaWfe+rI248Ac3+RtPHHbJwWfyCxlrMecEuM+rZfx0XzeonMRHGYb3w83LnB595PBgdgW975ih9v/9kyKStAwQ+hmJmwu0MuoUnXme2+cDItuf1uE8QC3huqayIcLSyeriYlCUQocuydsaP8
arePnLhQlE27LsMCOTql8jduxMk33wQnUnBlfVj50PtSDxIF18z8xzK1Q9l50M3FqDPyV2gLZKWbpG1PFxupsDioca+tHGe6erR3zAuAuAMEJBIQFdvQ9momEXejPg==
3QOqjH47nXfTW1WBim/J7621iy8ajbGhGRhJ8a+SZuULWGvRG9qoiEl0k5L5M20PNonODHWXZJp9sb3mQ+yidgti6+oMhYy2/q5lARSAUsQNeaM0
Kk5OWQVqIDYZpIKtbJRVBLJ7OCEcdigcIYxETcSvz14wdqMqZqTTwAf7PhVfmadPUzVlmwteRljbCDHdqH57DvEjbqMl
SiHSDtRCygUlQ7SKyqreZ82xuyTS5lcuw5h4Zld4CRHFN30BWVsYmAph357p6BTuPUSE+h4RVtqk3dZgSQRyd0VyYV8zfgjtaqPqM0XchnjWk4qs7NGLwG+m0zghG9hSbZn9TtMkhH5bymtCXI2sfm4GJSkESPJMXVGjHA==
Di7CN59DcYerw+rf1qN6B1d4tORIV49R3K/B7fLp0FkoEiaQr7GsYC0dV1zzFH96Pci4sjFSc9yu6ZkspAldpJ3XJF5F3Z3yS9BUUlOuK56kGRwyBgIF1dz8YiAVdaMA
6tVRBeJY1C7jVdSO+o2DkkYS6aRNPGHl/8p3ph+0AaKgtEVwo6ICcxGaQFsdSoHd3HgRHy1sx2o8hJfcC5DYM8R0suCVazCmKtYxZ6Mu
9modk08nUXpqf83TnOOL80Qp25VrNzGLFUX378fXn/xDL1mL+fwWNbUiuj1pp7AwXysGVYfpXyj7he0bg64u+GO46Z1QLqMu2TNmoy0=
Cx/iTZg3Qs4vEIosBNhA90Up25VrNzGLFUX378fXn/xDL1mL+fwWNbUiuj1pp7AwXysGVYfpXyj7he0bg64u+GO46Z1QLqMu2TNmoy0=
SJN1WFUJGuiCWVmHtMT9DkYp25VrNzGLFUX378fXn/xDL1mL+fwWNbUiuj1pp7AwXysGVYfpXyj7he0bg64u+GO46Z1QLqMu2TNmoy0=
X90RhjubA0TERK6LGb++kBRb3vvJDbMvgx/DTO93vetdRLqlyao+ve0vTKDzk6K14zHzmCfNKVtHZnIID2DNvbRWTz7lO2KjKQ==
UQTei/uZ5n9oHzISknaX3ypNpZMv/j9iX3BJFnDArdQDBmqHgS7I353OCWlMjHm7jcgvHuww3xhLVJAHFABaxLVPWFI64jljoyo=
ape+igcOIqr8v+xAMcyB2hJb3vvJDbMvgx/DTO93vetdRLqlyao+ve0vTKDzk6K14zHzmCfNKVtHZnIID2DNvbRWTz7lO2KjKQ==
IKeQSBrzp3RHDQOQM9dPTCxNpZMv/j9iX3BJFnDArdQDBmqHgS7I353OCWlMjHm7jcgvHuww3xhLVJAHFABaxLVPWFI64jljoyo=
HZtwMy2asypFFnIzIL5SBRFb3vvJDbMvgx/DTO93vetdRLqlyao+ve0vTKDzk6K14zHzmCfNKVtHZnIID2DNvbRWTz7lO2KjKQ==
l+C3c+5JmtgmFdZscy9QPC9NpZMv/j9iX3BJFnDArdQDBmqHgS7I353OCWlMjHm7jcgvHu0w3xhLVJAHFABaxLVPWFI64jljoyo=
KS0vCjuhHseOY75x108x6Ecp25VrNzGLFUX378fXn/xDL1mL+fwWNbUiuj1pp7AwXysGVYfpXyn7he0bg64u+GO46Z1QLqMu2TNmoy0=
4T4KZNCjbIeM5bJ1SMfBNnVWyvvJDbMvgx/DTO93vetdRLqlyao+ve0vTKDzk6K14zHzmSfNKVtHZnIID2DNvbRWTz7lO2KjKQ==
DxAxRX5Uwjb2BswqfiHJkilNpZMv/j9iX3BJFnDArdQDBmqHgS7I353OCWlMjHm7jcgvHu0w3xhLVJAHFABaxLVPWFI64jljoyo=
xx6yxiAarjn+vhLZi8OORChNpZMv/j9iX3BJFnDArdQDBmqHgS7I353OCWlMjHm7jcgvHu0w3xhLVJAHFABaxLVPWFI64jljoyo=
m2g0WyzixA+QlrOXIoNt5Ev/llhoRsKk92JBHI8WT/rf6Ll+0Gj9LEM+uu9hBvjHndY5QazkqYPNMH+2TVgvgMvM4O+0qIq8dXcIulrKCXujMg==
y7HPGV4Wz4H3J0B1t3gmTBNb3vvJDbMvgx/DTO93vetdRLqlyao+ve0vTKDzk6K14zHzmSfNKVtHZnIID2DNvbRWTz7lO2KjKQ==
4BS5rkZx+1UpXXaxi1cIoxBb3vvJDbMvgx/DTO93vetdRLqlyao+ve0vTKDzk6K14zHzmSfNKVtHZnIID2DNvbRWTz7lO2KjKQ==
twCR0pi0tPGOMRVCAZFT0kUS6aRNPGHl/8p3ph+0AaKgtEVwo6ICcxGaQFsdSoHd3HgRHy1sx2o9hJfcC5DYM8R0suCVazCmKtYxZ6Mu
Ufs+ToysPfkBJmGWpCW92kQS6aRNPGHl/8p3ph+0AaKgtEVwo6ICcxGaQFsdSoHd3HgRHy1sx2o9hJfcC5DYM8R0suCVazCmKtYxZ6Mu
8GV4MftptBDOh9aeRNZeMEkurocv/j9iX3BJFnDArdQDBmqHgS7I353OCWlMjHm7jcgvHu0w3xhLVJAHFABaxLVPWFI64jljoyo=
nGxEG/GM7K8BwhOQ3BbrgEN0552GQ/Rh0A7cTPUk+O1YR7uupO4vquo8R7Dzk6K14zHzmSfNKVtHZnIID2DNvbRWTz7lO2KjKQ==
0bJRSFQVwo3dU7jQAXMBVUN0552GQ/Rh0AreQvUk+O1YR7uupO4vquo8R7Dzk6K14zHzmSfNKVtHZnIID2DNvbRWTz7lO2KjKQ==
Rhinv7X5vijv4oRdVaQyIBGk/2LKYIdExGG2KHOj4Cs750RZWkmc5Pkg4VftJHeyXXwHVIsYSEskLAIo1aNAfgruIW+jJg==
Qyb3fHKk1OHedda5s+0Wh7bD9Wj3rDNlqN8H4dAOb56+FPLIEjt1BOMtC2pk6lnyfb1S/OevXB0iXSaFw3OrfdJpq4NE0OZCBaejx5nw+eTLR0lrLP7+xiw48WgNSfAaNyRkBNa8czi4HrVSR/zuug7p86Fhv8N78Q3hoCUltntUqCNAzYKs7/WrFL1/7tktTGd89LG7cqATR0uyvEz0IuJjjMi+yJBy03P5vY6wyvpRZH0p6oOviwMflMmG0uLi0Eyw8mN/DetUAgWu2O8UXxW+96kXZh8/6qo2T8jw1HiR+l3xGPOK4vy5pf1gRy9n1owWKBymp5LCKkvVXZuuGIl4Zxw+BoCuz0QhSvuN6W9sp4ERiu3lXigodUalbk5QXi6Qo+G5Zy8sbe3YH7uv/HJjAnTlJo6Jw+4+VSSx1rSC+fLmeyP6ddsh+7l/PYHbr9Yq6AdwNf3spseeHWtKowE=
L1bGU64WsCxC0qHEIAiaiXTp1iZH8dwke5Pt56YnFskmM8faeZhfhmtFPe/xTRrnBS35t0vl2rfRDnCstF106K62pA4vVZMqNr062wj8D4UETH1rKbn98OLV5jAeqHb7oj4XoCH3Klh2U/BRNnRUZ0dzYVMLwW2GdgckLUbEh+1rt7QBftG8h9q9MLONNta3FsrvzQXoHeUPRUBqTtSXM2l93BfQCVqED1r1cLI1D5/q0xbTff1wbXlRqYrWnQ057s4cvA1QAz8nCWIrDIEPmi341tEjEAG+/JdYn9kGkzmT7qNftmLyf6zo2Hid4jnB3DvWgkAxIW0E/+OnmvQyOBiu27Ie4g+l+QMimAXgw+z6TtyOM0wlWt91JS8gH2WBDmVZvvRgMXZBdkJQUjZ0k6Xxu8+Q5WlI+wPjvL6bJmThLnKpn6b6pYApWjQOYVaWP+smVacp/6lbRc0bY25OeIP4iZ2wbgOueXNGow0=
qVUS1ThqyONo6CEKhhSJXT2DS122jiUJ6thpeKb5Q4IPOcBGsDEdGIcH1qeMuGC6axkegoxwTjrQdC0iifZcO8CiZicYN2W3uziPyA5SnrstqhPjV2Z38i8ozuC94VDtR0WLyD5/99O0OlcrVaVFIk8YS1FI3eRx4UjWHZOBqFva3v2gSzSnf/MNLicPmA2j42Zy+EcwRdZ+ixjNoZMbrXB+hpV3sUt9wecoT0/vcnzTpIigrTrqyEtPcwADyYnI1FIqqPQGTh5+Jh0RaNOfINEynR86SARmRBENM2qLL7RsNJ1ycBjHw/B98yVuW/gAWK41TZW96uWT3rG9qZD3Vz71/FnQgIrLECCJkGUBuPj69PiLQNeGNk46JsZDNt8NNQLlL7uiZsEyfjqIsIGQD0wjJ3QfEGf1h9bUApVQLDMRoeBgkOnRChQVSSmPOVSzu6FCjqVtHWLrIJUCM54rjoRpXOLmsoVFfAyicHVFoxA=
b85zYKkcFTKSw+EyB6Kdqruz6MvcomEZnsomnFNoEjBB9qlP8UD+V2ddLXQnpDpLbY62qE1qkLMDOqWz9zDejRJOShzOqq/CVbVdgi+K/SzTi3uCzCAsUGEF/Eupk5QAHxkzq33WBKf+0e1nAvqHIaF6fTq1+d2PBAuPjBIZ6xZ2hQGsLP9z1wMkNRIBP7+CfmCeE/R218NPeRqheKFvQINmfCuaXIExcfkoWAarLE3KnoUD5VHCFQo/edTVsugSd71qYYr8FLAOAtYKSmAaTS8lBxA3ZyCeoGCt/XZg8vguCNdM/ytZkN0xfyg2N27c0uaEWxDJQFG/ynv612N71JyMwWrMVb1zmL4Uo8E8iPdhB3ujFLX3E5rwgcdttNdiHUwnZIsoaHvkfKK4VTOgLsqewR+jVg==
oTCFZvvcj3D12DagrJ3KeBFePnQdCmIq0M8kESqTGw6vBb9Wz3ZBb2FIRxlqXpIDBTZfDpn7pkxvjaU3WK1TpI20qyweumE+9WH7GXYfR2ddS50H4IHvLI+S+f32jt4xFBKBm2K5Nu1pqj6SMo/Cqk1RcFUxp3d1NoNGeNjduSo+DXeSniuRHOB9Lg8nNxcJKEnzakukPtSZqSoTSij0oOapAUfdNvbKo+/o3VqKPe7cutx+FR+OZd5cnLas66Et1U6z02YAnPojWgnCQRRPgjcsfHvOff1XSB63vBNf6G5n9Pkq891R7xR3iTFSnQ0eADgNpi3ellCGnhhDmalPb8QdNfgXa9d8yjMKFD2WJkmr/gb1rMEOtNoJekZDMxI1c5GjWXftOVtXhiLIX4BdPcS2P/6V2xKjWQ==
UGMebt1nlVT8ggfnvSh+9hSDhR+UlyPjHSTAS+eHJwu3oZz1EpYF+17LmGNyto/jtli+G+HYSzFrMEg2tC2UWYmMhSWVrUWXUUk+nKMVHZMXTCbr7jmpRkjeV76lyaX+z/YFUCP3g/5MXNQskXkEN0nvbHzvZcvXvar82w6tFRvihn9dUQaFRrWFJfP0d3fw8mUTaob5+dDsg4ur81jNbuFDR/6OHGZvdAovv78F4t2Y3Zc8cxqEV1ogeU2BhdAk5tfUMTrifX/lLTpp+kOBqDXOEG6HwZIdSoDszP5+LnaqHOIx31n/bLcb2OJQHFWBlhwKhN50LzA/V6HsLU2HVNZLlqAimnwnELW4LU+2g4Y3H4OobPA5FgwpRQ9owuzfIUBwi5F7g9+UyQ9vaox5u43ILx7tMN8YS1SQBxQAWsS1T1hSOuI5Y6Mq
qVUS1ThqyONo6CEKhhSJXT2DS122jiUJ6thpeKb5Q4IPOcBGsDEdGIcH1qeMuGC6axkegoxwTjrQdC0iifZcO8CiZicYN2W3uziPyA5SnrstqhPjV2Z38i8ozuC94VDtR0WLyD5/99O0OlcrVaVFIk8YS1FI3eRx4UjWHZOBqFva3v2gSzSnf/MNLicPmA2j42Zy+EcwRdZ+ixjNoZMbrXB+hpV3sUt9wecoT0/vcnzTpIigrTrqyEtPcwADyYnI1FIqqPQGTh5+Jh0RaNOfINEynR86SARmRBENM2qLL7RsNJ1ycBjHw/B98yVuW/gAWK41TZW96uWT3rG9qZD3Vz71/FnQgIrLECCJkGUBuPj69PiLQNeGNk46JsZDNt8NNQLlL7uiZsEyfjqIsIGQD0wjJ3QfEGf1h9bUApVQLDMRoeBgkOnRChQVSSmPOVSzu6FCjqVtHWLrIJUCM54rjoRpXOLmsoVFfAyicHVFoxA=
UGMebt1nlVT8ggfnvSh+9hSDhR+UlyPjHSTAS+eHJwu3oZz1EpYF+17LmGNyto/jtli+G+HYSzFrMEg2tC2UWYmMhSWVrUWXUUk+nKMVHZMXTCbr7jmpRkjeV76lyaX+z/YFUCP3g/5MXNQskXkEN0nvbHzvZcvXvar82w6tFRvihn9dUQaFRrWFJfP0d3fw8mUTaob5+dDsg4ur81jNbuFDR/6OHGZvdAovv78F4t2Y3Zc8cxqEV1ogeU2BhdAk5tfUMTrifX/lLTpp+kOBqDXOEG6HwZIdSoDszP5+LnaqHOIx31n/bLcb2OJQHFWBlhwKhN50LzA/V6HsLU2HVNZLlqAimnwnELW4LU+2g4Y3H4OobPA5FgwpRQ9owuzfIUBwi5F7g9+UyQ9vaox5u43ILx7tMN8YS1SQBxQAWsS1T1hSOuI5Y6Mq
ZXzBFV7jctMb/dh8/sYzRacb2JMjYXpVw2V8bX8+c4cVdhDntwFRS2NSERpIYifYtPW9j8z0Z0W6S9ChtIYgfPk8PI3cv/e+uCZLKg50W6A/6yZVpyn/qVtFzRtjbk54g/iJnbBuA655c0ajDQ==
qnuJiYCRbbtsFpJ2+Rh/TCTNiSLD5x3KpPwDjPijf1qjNifShNraDSgYDF3L3ufx5nB5u03rsaG8TxjA0u+1kf0wcmmQIEqrnsQUtnWl3TqbiDX6oxarFjSBvFq2+sWdjCSCCGVNowg=
Mx6fVpWAUMxqonuAQmKAtpeSluGwJCyyt8gk5gSq/NacW31bn1oVGkxq28iYjZmvKCxLNeaDFGHwznzMFeSY7bgHGy4Ers+qivznMFNTwrUDcZMZh40JWycmkoivoO29lJYvvgV7QqMJ
5WE4ovEF689Bl9D1FPz8/CLGjyvn4AncguwDifuHZViuNifShNraDSgYDF3L3ufx5nB5u03rsaG8TxjA0u+1kf0wcmmQIEqrnsQUtnWl3TqbiDX6oxarFjSBvFq2+sWdjCSCCGVNowg=
FuyMNHcG/2DnlGTLxkoxycAFn2FFrSELs7IhGniC95jEVU0PXJS3hYorwKGkplA8KZysDWxfR/7oBrsqflSLYI+LltU3ia9pq2XdG3OOfjjTGBkdwM7zbikTdqM9
YCzHNF7IOuYjN2AYqo/46RqUoDG93Is6XFgVe4dKHRpEesPo8L1hb3B849Ve85zheH4EbP00wK2A9zNOHL7HqoLs/9B7I/p12yH7uX89gduv1iroB3A1/eymx54da0qjAQ==
EYOkvFvo1w5BIzsgnf/EKTX4NIEU8NMGq4M5NqOa+gZ9EE7B35/OAF0t4I8iAcYCupRDSH5dPouNtqLCeWq8kMEoRV/EheVdxUFBQb87kaoUEDkMCw3S2vlmIxd0oz8=
QX9EbpXKoKAzM0aoWaRPiiLGjyvn4AncguwDifuHZVi1NifShNraDSgYDF3L3ufx5nB5u03rsaG8TxjA0u+1kf0wcmmQIEqrnsQUtnWl3TqbiDX6oxarFjSBvFq2+sWdjCSCCGVNowg=
Q+vxNDpA3zj7YgSiD4hMdO/pyWoa0vzjXkxH56uSZuM6FjHAFdfp4g1+hIL1HiMHO8DKDlWbcpp9sb3mQ+yldgti6+oMhYy2/q5lARSAUsQNeaM0
PgNvlUPkJ3gm/ZaQveXzXOk4tYLkNrC7B2OA0RSev4DYxgHqhcOoqvYNwc06OEgIpAmF9y96kMXLDSx+FIStlNW38+XQ3sH1+kbWWVqTqzcuyj8gLHIyRlpe5GkUfXZEjAgxz608p1r6EDerCmB4o4REUjAVOxBW6kZRV6Me
yzhf3jRrn2NQi/qVNrsktS+Eq/YuNL3SRQVkqRS99gSMyLGPrfwnGvrQt+sKoPjjhITScBX7kBbqhtEXo14=
sMDzR/smP6so38xiYO1V/DS8s1C0uiPZx/UYXr4keQdA5SFl2bYpyRx6daI4oKX0Ty3WggX2j98Qo1s=
NaDwnJ1+QUDVtrpgjTughrw4MyMAZCkOMJwHXdv6z1QLN6R6arrZ1Qf7PhVfmadOVzVimgteRljbCDHdqH57DvEjbqMl
RMYcojU1ue+kYXnlyGfZJUN0552GQ/Rh0AreQvUk+O1YR7uupO4vquo8R7Dzk6K14zHzlCPNLlpHZnIID2DNvbRWTz7lO2KjKQ==
wSOzS5KcxdwK7szCVNMLtv/u02q9+/I6vZG9xgNMKJJLheoKTGUMFr6OZSHUINKkzRmjVA==
YIOoRNuczDyTRnQ3jKMIli+Eq/YuNL3SRQVkqRS99gSMyLGPrfwnGvDQt+sKoPjjhITScBX7kBbqhtEXo14=
StfzyPCPYdFBoqbLfgthBDS8s1C0uiPZx/UYXr4keQdA5SFl2bwpyRx6daI4oKX0Ty3WggX2j98Qo1s=
0pmSN1uvojkbsjnuPRBZ0yLGjyvn4AncguwDifuHZVi1NifShNraDSgYDF3L3ufx5nB5u03rsaG4TRbA0u+1kf0wcmmQIEqrnsQUtnWl3TqbiDj+oxGqFjSBvFq2+sWdjCSCCGVNowg=
zvelbjMGn1VuZaE/KLsNpTX4NIEU8NMGq4M5NqOa+gZ9EE7B35/OAF0t4I8iAcYGuJpDSH5dPouNtqLCeWq8kMEoRV/EheVdxUxFQbg6kaoUEDkMCw3S2vlmIxd0oz8=
LUFiC2/lY19pHj6HCdxnWRqUoDG93Is6XFgVe4dKHRpEesPo8L1hb3B849Ve85zheHoGYv00wK2A9zNOHL7HqoLs/9B7I/p12yH7tHs9htqv1iroB3A1/eymx54da0qjAQ==
M1Q/jnsDOw+bCrx7BaYVQ8AFn2FFrSELs7IhGniC95jEVU0PXJS3hYorwKGkolIyKZysDWxfR/7oBrsqflSLYI+LltU3ia9kr2XaGnOOfjjTGBkdwM7zbikTdqM9
DbYsQ57dibKA4r5VqTu/myLGjyvn4AncguwDifuHZViuNifShNraDSgYDF3L3ufx5nB5u03rsaG4TRbA0u+1kf0wcmmQIEqrnsQUtnWl3TqbiDj+oxGqFjSBvFq2+sWdjCSCCGVNowg=
5SFtz4wACfWlCz5Sr6Ms6ZeSluGwJCyyt8gk5gSq/NacW31bn1oVGkxq28iYjZmvKCxLNeaDFGHwyn7CFeSY7bgHGy4Ers+qivznMFNTwrUDcZMUg40OWicmkoivoO29lJYvvgV7QqMJ
gSM1F2GQo2MklYNA/5n3ICTNiSLD5x3KpPwDjPijf1qjNifShNraDSgYDF3L3ufx5nB5u03rsaG4TRbA0u+1kf0wcmmQIEqrnsQUtnWl3TqbiDj+oxGqFjSBvFq2+sWdjCSCCGVNowg=
I0+OWETT65EA9NwLytIEy6cb2JMjYXpVw2V8bX8+c4cVdhDntwFRS2NSERpIYifYtPW9j8z0Z0W6S9ChtIIicvk8PI3cv/e+uCZLKg50W6A/6yZVpyn/pF9Fyhpjbk54g/iJnbBuA655c0ajDQ==
Eu0uqvbiIsTjwbrHD8mdND1+08E3j1s5VG8tZlrmybgZBhoS2M3LiTHhBvgfpOOR6H6mAC4Ve6XGo2AOCkSBvRqoca+tHGe6cLB3ywqAuAMEJBIQFdvQ9momEXejPg==
QBm8lLgAqAmdgWR3HQDtcvLG+PS57NpgRSqB6L5oaBuXy/nfctL/ws9j0HCiGj4jh4eufbRESoLN78IGFRVdivs4+M7DIaomVLF86tZKRS3slEI4BX2jOA==
