ku06RWYDJF1quTvezg58obOGva+io4N9QyDc/rpdKRujhfqLN/OZtuE3kDX2TXg9mIfzerkFV93l4uAGFRVdivs4+MrDI64mWbF869ZKRS3slEI4BX2nOA==
Lh9KYG23+vdT1NJCR1z5lXrFY4rIQ2CzyO746Jcm1l2x0adU19mJ1itaG10MDCOMPaWfe+rI248Ac3+RtPHHbJwWfyCxlrMecEuM+rZfx0XzeonMRHGYb3w83LnB595PBgdgW975ih9v/9kyKStAwQ+hmJmwu0MuoUnXme2+cDItuf1uE8QI3huvbiIRLSyfriYlCUQocuydsaf8
r5nNBjkpHmc3LohWOFrrBTduxMk33wQnUnBlfVj50PtSDxIF18z8xzK1Q9l50M3FqDPyV2gLZKWbpG1PFxupsDioca+tHGe6cLR3yQ6AtQMEJRIQFdvQ9momEXenPg==
MBj4Ovmo4G2w8Wz+r3TB/621iy8ajbGhGRhJ8a+SZuULWGvRG9qoiEl0k5L5M20PNonODHWXZJp9sb3mQ+yodgtn7uoBhYy3/q5lARSAUsQNeac0
43v9ksCxKZ18lLqXat15GLJ7OCEcdigcIYxETcSvz14wdqMqZqTTwAf7PhVfmadFUzVgngtTRljaCDHdqH57DvEjbqcl
FNaZE5+q6is9uczeschMRbuz6MvcomEZnsomnFNoEjBB9qlP8UD+V2ddLXQnpDpLbY62qE1qkLMDOqWz9zDejRJOShzOqq/CVbVdgi+K/SzTi3uCzCAsUGEF/Eupk5QAHxkzq33WBKf+0e1nAvqHIaF6fTq1+d2PBAuPjBIZ6xZ2hQGsLP9z1wMkNRIBP7+CfmCeE/R218NPeRqheKFvQINmfCuaXIExcfkoWAarLE3KnoUD5VHCFQo/edTVsugSd71qYYr8FLAOAtYKSmAaTS8lBxA3ZyCeoGCt/XZg8vguCNdM/ytZkN0xfyg2N27c0uaEWxDJQFG/ynv612N71JyMwWrMVb1zmL4Uo8E8iPdhB3ujFLX3E5rwgcdttNdiGE0nYY4oZXvkfaK4VTOgLsqewR+nVg==
x8wszA3BanB2UYAE1Ft+aRFePnQdCmIq0M8kESqTGw6vBb9Wz3ZBb2FIRxlqXpIDBTZfDpn7pkxvjaU3WK1TpI20qyweumE+9WH7GXYfR2ddS50H4IHvLI+S+f32jt4xFBKBm2K5Nu1pqj6SMo/Cqk1RcFUxp3d1NoNGeNjduSo+DXeSniuRHOB9Lg8nNxcJKEnzakukPtSZqSoTSij0oOapAUfdNvbKo+/o3VqKPe7cutx+FR+OZd5cnLas66Et1U6z02YAnPojWgnCQRRPgjcsfHvOff1XSB63vBNf6G5n9Pkq891R7xR3iTFSnQ0eADgNpi3ellCGnhhDmalPb8QdNfgXa9d8yjMKFD2WJkmr/gb1rMEOtNoJekZDMxI1c5GjXHbtPF5XiyLIXoBdPcS2P/6V2xKnWQ==
VyfeObLGq1BAla/YwF5P3xSDhR+UlyPjHSTAS+eHJwu3oZz1EpYF+17LmGNyto/jtli+G+HYSzFrMEg2tC2UWYmMhSWVrUWXUUk+nKMVHZMXTCbr7jmpRkjeV76lyaX+z/YFUCP3g/5MXNQskXkEN0nvbHzvZcvXvar82w6tFRvihn9dUQaFRrWFJfP0d3fw8mUTaob5+dDsg4ur81jNbuFDR/6OHGZvdAovv78F4t2Y3Zc8cxqEV1ogeU2BhdAk5tfUMTrifX/lLTpp+kOBqDXOEG6HwZIdSoDszP5+LnaqHOIx31n/bLcb2OJQHFWBlhwKhN50LzA/V6HsLU2HVNZLlqAimnwnELW4LU+2g4Y3H4OobPA5FgwpRQ9owuzfIUBwi5F7g9+UyQ9vaox5u43ILx7oMd8dTlSdBxQBWsS1T1hSOuI5Y6cq
vcmEUvv1x/veFExujlPCUrbD9Wj3rDNlqN8H4dAOb56+FPLIEjt1BOMtC2pk6lnyfb1S/OevXB0iXSaFw3OrfdJpq4NE0OZCBaejx5nw+eTLR0lrLP7+xiw48WgNSfAaNyRkBNa8czi4HrVSR/zuug7p86Fhv8N78Q3hoCUltntUqCNAzYKs7/WrFL1/7tktTGd89LG7cqATR0uyvEz0IuJjjMi+yJBy03P5vY6wyvpRZH0p6oOviwMflMmG0uLi0Eyw8mN/DetUAgWu2O8UXxW+96kXZh8/6qo2T8jw1HiR+l3xGPOK4vy5pf1gRy9n1owWKBymp5LCKkvVXZuuGIl4Zxw+BoCuz0QhSvuN6W9sp4ERiu3lXigodUalbk5QXi6Qo+G5Zy8sbe3YH7uv/HJjAnTlJo6Jw+4+VSSx1rSC+fLmeyP6ddsh+7x+PYTer9sq6AZwNf3spseeHWtKpwE=
+KxX8KKOf4khTEPyE3hmY3Tp1iZH8dwke5Pt56YnFskmM8faeZhfhmtFPe/xTRrnBS35t0vl2rfRDnCstF106K62pA4vVZMqNr062wj8D4UETH1rKbn98OLV5jAeqHb7oj4XoCH3Klh2U/BRNnRUZ0dzYVMLwW2GdgckLUbEh+1rt7QBftG8h9q9MLONNta3FsrvzQXoHeUPRUBqTtSXM2l93BfQCVqED1r1cLI1D5/q0xbTff1wbXlRqYrWnQ057s4cvA1QAz8nCWIrDIEPmi341tEjEAG+/JdYn9kGkzmT7qNftmLyf6zo2Hid4jnB3DvWgkAxIW0E/+OnmvQyOBiu27Ie4g+l+QMimAXgw+z6TtyOM0wlWt91JS8gH2WBDmVZvvRgMXZBdkJQUjZ0k6Xxu8+Q5WlI+wPjvL6bJmThLnKpn6b6pYApWjQOYVaWP+smVacp/6xaRcgeY2NOeIL4iZ2wbgOueXNGpw0=
n6dXAyT9mRmAy+dgceRcAT2DS122jiUJ6thpeKb5Q4IPOcBGsDEdGIcH1qeMuGC6axkegoxwTjrQdC0iifZcO8CiZicYN2W3uziPyA5SnrstqhPjV2Z38i8ozuC94VDtR0WLyD5/99O0OlcrVaVFIk8YS1FI3eRx4UjWHZOBqFva3v2gSzSnf/MNLicPmA2j42Zy+EcwRdZ+ixjNoZMbrXB+hpV3sUt9wecoT0/vcnzTpIigrTrqyEtPcwADyYnI1FIqqPQGTh5+Jh0RaNOfINEynR86SARmRBENM2qLL7RsNJ1ycBjHw/B98yVuW/gAWK41TZW96uWT3rG9qZD3Vz71/FnQgIrLECCJkGUBuPj69PiLQNeGNk46JsZDNt8NNQLlL7uiZsEyfjqIsIGQD0wjJ3QfEGf1h9bUApVQLDMRoeBgkOnRChQVSSmPOVSzu6FCjqVtHWLrIJADM5sujolpXOPmsoVFfAyicHVFpxA=
y2AnkbQ4WFgwA4oBIJffvKcb2JMjYXpVw2V8bX8+c4cVdhDntwFRS2NSERpIYifYtPW9j8z0Z0W6S9ChtIYgfPk8PI3cv/e+uCZLKg50W6A/6yZVpyn/rFpFyB5jY054gviJnbBuA655c0anDQ==
GWwPkuGnDP5ou88Y2Je+ACTNiSLD5x3KpPwDjPijf1qjNifShNraDSgYDF3L3ufx5nB5u03rsaG8TxjA0u+1kf0wcmmQIEqrnsQUtnWl3TqbiDD7oxOuFjmBvFu2+sWdjCSCCGVNpwg=
lzPbHFS+1Rij6ktBwJjGKJeSluGwJCyyt8gk5gSq/NacW31bn1oVGkxq28iYjZmvKCxLNeaDFGHwznzMFeSY7bgHGy4Ers+qivznMFNTwrUDcZMcho0MXicrkoiuoO29lJYvvgV7QqcJ
k+0rsAfcVYMR59KyIfyDkyLGjyvn4AncguwDifuHZViuNifShNraDSgYDF3L3ufx5nB5u03rsaG8TxjA0u+1kf0wcmmQIEqrnsQUtnWl3TqbiDD7oxOuFjmBvFu2+sWdjCSCCGVNpwg=
3eUhyUA4sVDKZ5ZVZUwo0cAFn2FFrSELs7IhGniC95jEVU0PXJS3hYorwKGkplA8KZysDWxfR/7oBrsqflSLYI+LltU3ia9sqmXYHnODfjjSGBkdwM7zbikTdqc9
4HRmPNWI2hl3zg+JoBsAyBqUoDG93Is6XFgVe4dKHRpEesPo8L1hb3B849Ve85zheH4EbP00wK2A9zNOHL7HqoLs/9B7I/p12yH7vH49hN6v2yroBnA1/eymx54da0qnAQ==
lRGz9n0+SocxHutIa6llbTX4NIEU8NMGq4M5NqOa+gZ9EE7B35/OAF0t4I8iAcYCupRDSH5dPouNtqLCeWq8kMEoRV/EheVdxURAQbo+kacUEDgMCw3S2vlmIxd0pz8=
qNC3BKPxq+cHejfKWnOKdCLGjyvn4AncguwDifuHZVi1NifShNraDSgYDF3L3ufx5nB5u03rsaG8TxjA0u+1kf0wcmmQIEqrnsQUtnWl3TqbiDD7oxOuFjmBvFu2+sWdjCSCCGVNpwg=
ZewfpR7oV0pX0uxiztpRTO/pyWoa0vzjXkxH56uSZuM6FjHAFdfp4g1+hIL1HiMHO8DKDlWbcpp9sb3mQ+ygdwtn7uoBhYy3/q5lARSAUsQNeac0
